<?xml version="1.0" encoding="UTF-8"?>
<!-- Generated by org.testng.reporters.JUnitXMLReporter -->
<testsuite ignored="0" hostname="Lao-Lao-Mac.local" failures="0" tests="3" name="Default test" time="50.555" errors="0" timestamp="2025-03-02T11:08:13 MMT">
  <testcase classname="test.PIMTest" name="testaddEmployee" time="18.81"/>
  <testcase classname="test.PIMTest" name="testeditEmployeeDetail" time="16.486"/>
  <testcase classname="test.PIMTest" name="testFileDownload" time="4.469"/>
</testsuite> <!-- Default test -->
