<?xml version="1.0" encoding="UTF-8"?>
<testng-results ignored="0" total="3" passed="3" failed="0" skipped="0">
  <reporter-output>
  </reporter-output>
  <suite started-at="2025-03-02T11:07:23 MMT" name="Default suite" finished-at="2025-03-02T11:08:13 MMT" duration-ms="50555">
    <groups>
    </groups>
    <test started-at="2025-03-02T11:07:23 MMT" name="Default test" finished-at="2025-03-02T11:08:13 MMT" duration-ms="50555">
      <class name="test.PIMTest">
        <test-method is-config="true" signature="setup()[pri:0, instance:test.PIMTest@1b1473ab]" started-at="2025-03-02T11:07:23 MMT" name="setup" finished-at="2025-03-02T11:07:33 MMT" duration-ms="10606" status="PASS">
          <reporter-output>
          </reporter-output>
        </test-method> <!-- setup -->
        <test-method signature="testaddEmployee()[pri:1, instance:test.PIMTest@1b1473ab]" started-at="2025-03-02T11:07:33 MMT" name="testaddEmployee" description="Confirm add employee in PIM Module" finished-at="2025-03-02T11:07:52 MMT" duration-ms="18810" status="PASS">
          <reporter-output>
          </reporter-output>
        </test-method> <!-- testaddEmployee -->
        <test-method signature="testeditEmployeeDetail()[pri:2, instance:test.PIMTest@1b1473ab]" started-at="2025-03-02T11:07:52 MMT" name="testeditEmployeeDetail" description="edit employee detail" finished-at="2025-03-02T11:08:09 MMT" depends-on-methods="test.PIMTest.testaddEmployee" duration-ms="16486" status="PASS">
          <reporter-output>
          </reporter-output>
        </test-method> <!-- testeditEmployeeDetail -->
        <test-method signature="testFileDownload()[pri:3, instance:test.PIMTest@1b1473ab]" started-at="2025-03-02T11:08:09 MMT" name="testFileDownload" finished-at="2025-03-02T11:08:13 MMT" depends-on-methods="test.PIMTest.testeditEmployeeDetail" duration-ms="4469" status="PASS">
          <reporter-output>
          </reporter-output>
        </test-method> <!-- testFileDownload -->
        <test-method is-config="true" signature="tearDown()[pri:0, instance:test.PIMTest@1b1473ab]" started-at="2025-03-02T11:08:13 MMT" name="tearDown" finished-at="2025-03-02T11:08:13 MMT" duration-ms="132" status="PASS">
          <reporter-output>
          </reporter-output>
        </test-method> <!-- tearDown -->
      </class> <!-- test.PIMTest -->
    </test> <!-- Default test -->
  </suite> <!-- Default suite -->
</testng-results>
